<?xml version="1.0" encoding="UTF-8"?>
<!-- Generated by org.testng.reporters.JUnitXMLReporter -->
<testsuite hostname="IN01L0458" ignored="4" name="Default test" tests="1" failures="0" timestamp="2021-07-14T16:42:35 IST" time="266.727" errors="0">
  <testcase name="ProvisionNewRole" time="259.862" classname="testscripts.DummyScrip3"/>
  <testcase name="RoleCreationTest1" time="0.0" classname="testscripts.DummyScrip3">
    <ignored/>
  </testcase> <!-- RoleCreationTest1 -->
  <testcase name="roleCreationTest" time="0.0" classname="testscripts.DummyScrip3">
    <ignored/>
  </testcase> <!-- roleCreationTest -->
  <testcase name="RoleCreationTest2" time="0.0" classname="testscripts.DummyScrip3">
    <ignored/>
  </testcase> <!-- RoleCreationTest2 -->
  <testcase name="RoleRequestRejection" time="0.0" classname="testscripts.DummyScrip3">
    <ignored/>
  </testcase> <!-- RoleRequestRejection -->
</testsuite> <!-- Default test -->
